  main.cpp
  GameScene.cpp
d:\documents\projects\dx12_sampler\dx12_engine\dx12_engine\src\game\gamescene.cpp(47): warning C4316: 'GameObject': object allocated on the heap may not be aligned 16
  GameObject.cpp
  Engine.cpp
  DX12Window.cpp
d:\documents\projects\dx12_sampler\dx12_engine\dx12_engine\src\dx12\dx12window.cpp(30): warning C4302: 'type cast': truncation from 'LPWSTR' to 'WORD'
  DX12Utils.cpp
  DX12Texture.cpp
  DX12Text.cpp
  DX12RenderEngine.cpp
  DX12MeshBuffer.cpp
  DX12Mesh.cpp
  DX12Material.cpp
  DX12Font.cpp
d:\documents\projects\dx12_sampler\dx12_engine\dx12_engine\src\dx12\dx12font.cpp(195): warning C4244: 'initializing': conversion from 'float' to 'int', possible loss of data
  DX12ConstantBuffer.cpp
d:\documents\projects\dx12_sampler\dx12_engine\dx12_engine\src\dx12\dx12constantbuffer.cpp(8): warning C4244: 'initializing': conversion from 'UINT64' to 'unsigned int', possible loss of data
  Generating Code...
d:\documents\projects\dx12_sampler\dx12_engine\dx12_engine\src\dx12\dx12utils.cpp(217): warning C4715: 'GetDXGIFormatBitsPerPixel': not all control paths return a value
  Compiling...
  DX12Camera.cpp
  Generating Code...
DX12Camera.obj : error LNK2019: unresolved external symbol __imp__GetAsyncKeyState@4 referenced in function "public: void __thiscall DX12Camera::Update(float)" (?Update@DX12Camera@@QAEXM@Z)
DX12MeshBuffer.obj : error LNK2019: unresolved external symbol __imp__HeapAlloc@12 referenced in function "unsigned __int64 __cdecl UpdateSubresources(struct ID3D12GraphicsCommandList *,struct ID3D12Resource *,struct ID3D12Resource *,unsigned __int64,unsigned int,unsigned int,struct D3D12_SUBRESOURCE_DATA *)" (?UpdateSubresources@@YA_KPAUID3D12GraphicsCommandList@@PAUID3D12Resource@@1_KIIPAUD3D12_SUBRESOURCE_DATA@@@Z)
DX12Texture.obj : error LNK2001: unresolved external symbol __imp__HeapAlloc@12
MSVCRTD.lib(_pdblkup_.obj) : error LNK2001: unresolved external symbol __imp__HeapAlloc@12
DX12MeshBuffer.obj : error LNK2019: unresolved external symbol __imp__HeapFree@12 referenced in function "unsigned __int64 __cdecl UpdateSubresources(struct ID3D12GraphicsCommandList *,struct ID3D12Resource *,struct ID3D12Resource *,unsigned __int64,unsigned int,unsigned int,struct D3D12_SUBRESOURCE_DATA *)" (?UpdateSubresources@@YA_KPAUID3D12GraphicsCommandList@@PAUID3D12Resource@@1_KIIPAUD3D12_SUBRESOURCE_DATA@@@Z)
DX12Texture.obj : error LNK2001: unresolved external symbol __imp__HeapFree@12
MSVCRTD.lib(_pdblkup_.obj) : error LNK2001: unresolved external symbol __imp__HeapFree@12
DX12MeshBuffer.obj : error LNK2019: unresolved external symbol __imp__GetProcessHeap@0 referenced in function "unsigned __int64 __cdecl UpdateSubresources(struct ID3D12GraphicsCommandList *,struct ID3D12Resource *,struct ID3D12Resource *,unsigned __int64,unsigned int,unsigned int,struct D3D12_SUBRESOURCE_DATA *)" (?UpdateSubresources@@YA_KPAUID3D12GraphicsCommandList@@PAUID3D12Resource@@1_KIIPAUD3D12_SUBRESOURCE_DATA@@@Z)
DX12Texture.obj : error LNK2001: unresolved external symbol __imp__GetProcessHeap@0
MSVCRTD.lib(_pdblkup_.obj) : error LNK2001: unresolved external symbol __imp__GetProcessHeap@0
DX12RenderEngine.obj : error LNK2019: unresolved external symbol __imp__WaitForSingleObject@8 referenced in function "private: long __thiscall DX12RenderEngine::WaitForPreviousFrame(void)" (?WaitForPreviousFrame@DX12RenderEngine@@AAEJXZ)
DX12RenderEngine.obj : error LNK2019: unresolved external symbol __imp__CreateEventW@16 referenced in function "public: long __thiscall DX12RenderEngine::InitializeDX12(void)" (?InitializeDX12@DX12RenderEngine@@QAEJXZ)
DX12RenderEngine.obj : error LNK2019: unresolved external symbol _CreateDXGIFactory1@8 referenced in function "public: long __thiscall DX12RenderEngine::InitializeDX12(void)" (?InitializeDX12@DX12RenderEngine@@QAEJXZ)
DX12RenderEngine.obj : error LNK2019: unresolved external symbol _D3D12SerializeRootSignature@16 referenced in function "private: void __thiscall DX12RenderEngine::CreatePipelineState(unsigned __int64)" (?CreatePipelineState@DX12RenderEngine@@AAEX_K@Z)
DX12Text.obj : error LNK2001: unresolved external symbol _D3D12SerializeRootSignature@16
DX12RenderEngine.obj : error LNK2019: unresolved external symbol _D3D12CreateDevice@16 referenced in function "public: long __thiscall DX12RenderEngine::InitializeDX12(void)" (?InitializeDX12@DX12RenderEngine@@QAEJXZ)
DX12RenderEngine.obj : error LNK2019: unresolved external symbol _D3D12GetDebugInterface@8 referenced in function "public: long __thiscall DX12RenderEngine::InitializeDX12(void)" (?InitializeDX12@DX12RenderEngine@@QAEJXZ)
DX12Shader.obj : error LNK2019: unresolved external symbol __imp__MessageBoxA@16 referenced in function "public: __thiscall DX12Shader::DX12Shader(enum DX12Shader::EShaderType,wchar_t const *)" (??0DX12Shader@@QAE@W4EShaderType@0@PB_W@Z)
DX12Utils.obj : error LNK2001: unresolved external symbol __imp__MessageBoxA@16
DX12Shader.obj : error LNK2019: unresolved external symbol _D3DCompileFromFile@36 referenced in function "public: __thiscall DX12Shader::DX12Shader(enum DX12Shader::EShaderType,wchar_t const *)" (??0DX12Shader@@QAE@W4EShaderType@0@PB_W@Z)
DX12Texture.obj : error LNK2019: unresolved external symbol __imp__CoCreateInstance@20 referenced in function "private: static int __cdecl DX12Texture::LoadImageDataFromFile(unsigned char * *,struct D3D12_RESOURCE_DESC &,struct DX12Texture::ImageDataDesc &,wchar_t const *)" (?LoadImageDataFromFile@DX12Texture@@CAHPAPAEAAUD3D12_RESOURCE_DESC@@AAUImageDataDesc@1@PB_W@Z)
DX12Texture.obj : error LNK2019: unresolved external symbol __imp__CoInitialize@4 referenced in function "private: static int __cdecl DX12Texture::LoadImageDataFromFile(unsigned char * *,struct D3D12_RESOURCE_DESC &,struct DX12Texture::ImageDataDesc &,wchar_t const *)" (?LoadImageDataFromFile@DX12Texture@@CAHPAPAEAAUD3D12_RESOURCE_DESC@@AAUImageDataDesc@1@PB_W@Z)
DX12Texture.obj : error LNK2001: unresolved external symbol _CLSID_WICImagingFactory2
DX12Texture.obj : error LNK2001: unresolved external symbol _GUID_WICPixelFormatDontCare
DX12Utils.obj : error LNK2001: unresolved external symbol _GUID_WICPixelFormatDontCare
DX12Utils.obj : error LNK2019: unresolved external symbol __imp__OutputDebugStringA@4 referenced in function "void __cdecl OutputDebug(char const *,...)" (?OutputDebug@@YAXPBDZZ)
DX12Utils.obj : error LNK2001: unresolved external symbol _GUID_WICPixelFormat1bppIndexed
DX12Utils.obj : error LNK2001: unresolved external symbol _GUID_WICPixelFormat2bppIndexed
DX12Utils.obj : error LNK2001: unresolved external symbol _GUID_WICPixelFormat4bppIndexed
DX12Utils.obj : error LNK2001: unresolved external symbol _GUID_WICPixelFormat8bppIndexed
DX12Utils.obj : error LNK2001: unresolved external symbol _GUID_WICPixelFormatBlackWhite
DX12Utils.obj : error LNK2001: unresolved external symbol _GUID_WICPixelFormat2bppGray
DX12Utils.obj : error LNK2001: unresolved external symbol _GUID_WICPixelFormat4bppGray
DX12Utils.obj : error LNK2001: unresolved external symbol _GUID_WICPixelFormat8bppGray
DX12Utils.obj : error LNK2001: unresolved external symbol _GUID_WICPixelFormat8bppAlpha
DX12Utils.obj : error LNK2001: unresolved external symbol _GUID_WICPixelFormat16bppBGR555
DX12Utils.obj : error LNK2001: unresolved external symbol _GUID_WICPixelFormat16bppBGR565
DX12Utils.obj : error LNK2001: unresolved external symbol _GUID_WICPixelFormat16bppBGRA5551
DX12Utils.obj : error LNK2001: unresolved external symbol _GUID_WICPixelFormat16bppGray
DX12Utils.obj : error LNK2001: unresolved external symbol _GUID_WICPixelFormat24bppBGR
DX12Utils.obj : error LNK2001: unresolved external symbol _GUID_WICPixelFormat24bppRGB
DX12Utils.obj : error LNK2001: unresolved external symbol _GUID_WICPixelFormat32bppBGR
DX12Utils.obj : error LNK2001: unresolved external symbol _GUID_WICPixelFormat32bppBGRA
DX12Utils.obj : error LNK2001: unresolved external symbol _GUID_WICPixelFormat32bppPBGRA
DX12Utils.obj : error LNK2001: unresolved external symbol _GUID_WICPixelFormat32bppGrayFloat
DX12Utils.obj : error LNK2001: unresolved external symbol _GUID_WICPixelFormat32bppRGB
DX12Utils.obj : error LNK2001: unresolved external symbol _GUID_WICPixelFormat32bppRGBA
DX12Utils.obj : error LNK2001: unresolved external symbol _GUID_WICPixelFormat32bppPRGBA
DX12Utils.obj : error LNK2001: unresolved external symbol _GUID_WICPixelFormat48bppRGB
DX12Utils.obj : error LNK2001: unresolved external symbol _GUID_WICPixelFormat48bppBGR
DX12Utils.obj : error LNK2001: unresolved external symbol _GUID_WICPixelFormat64bppRGB
DX12Utils.obj : error LNK2001: unresolved external symbol _GUID_WICPixelFormat64bppRGBA
DX12Utils.obj : error LNK2001: unresolved external symbol _GUID_WICPixelFormat64bppBGRA
DX12Utils.obj : error LNK2001: unresolved external symbol _GUID_WICPixelFormat64bppPRGBA
DX12Utils.obj : error LNK2001: unresolved external symbol _GUID_WICPixelFormat64bppPBGRA
DX12Utils.obj : error LNK2001: unresolved external symbol _GUID_WICPixelFormat16bppGrayFixedPoint
DX12Utils.obj : error LNK2001: unresolved external symbol _GUID_WICPixelFormat32bppBGR101010
DX12Utils.obj : error LNK2001: unresolved external symbol _GUID_WICPixelFormat48bppRGBFixedPoint
DX12Utils.obj : error LNK2001: unresolved external symbol _GUID_WICPixelFormat48bppBGRFixedPoint
DX12Utils.obj : error LNK2001: unresolved external symbol _GUID_WICPixelFormat128bppRGBAFloat
DX12Utils.obj : error LNK2001: unresolved external symbol _GUID_WICPixelFormat128bppPRGBAFloat
DX12Utils.obj : error LNK2001: unresolved external symbol _GUID_WICPixelFormat128bppRGBFloat
DX12Utils.obj : error LNK2001: unresolved external symbol _GUID_WICPixelFormat32bppCMYK
DX12Utils.obj : error LNK2001: unresolved external symbol _GUID_WICPixelFormat64bppRGBAFixedPoint
DX12Utils.obj : error LNK2001: unresolved external symbol _GUID_WICPixelFormat64bppBGRAFixedPoint
DX12Utils.obj : error LNK2001: unresolved external symbol _GUID_WICPixelFormat64bppRGBFixedPoint
DX12Utils.obj : error LNK2001: unresolved external symbol _GUID_WICPixelFormat128bppRGBAFixedPoint
DX12Utils.obj : error LNK2001: unresolved external symbol _GUID_WICPixelFormat128bppRGBFixedPoint
DX12Utils.obj : error LNK2001: unresolved external symbol _GUID_WICPixelFormat64bppRGBAHalf
DX12Utils.obj : error LNK2001: unresolved external symbol _GUID_WICPixelFormat64bppPRGBAHalf
DX12Utils.obj : error LNK2001: unresolved external symbol _GUID_WICPixelFormat64bppRGBHalf
DX12Utils.obj : error LNK2001: unresolved external symbol _GUID_WICPixelFormat48bppRGBHalf
DX12Utils.obj : error LNK2001: unresolved external symbol _GUID_WICPixelFormat32bppRGBE
DX12Utils.obj : error LNK2001: unresolved external symbol _GUID_WICPixelFormat16bppGrayHalf
DX12Utils.obj : error LNK2001: unresolved external symbol _GUID_WICPixelFormat32bppGrayFixedPoint
DX12Utils.obj : error LNK2001: unresolved external symbol _GUID_WICPixelFormat32bppRGBA1010102
DX12Utils.obj : error LNK2001: unresolved external symbol _GUID_WICPixelFormat32bppRGBA1010102XR
DX12Utils.obj : error LNK2001: unresolved external symbol _GUID_WICPixelFormat64bppCMYK
DX12Utils.obj : error LNK2001: unresolved external symbol _GUID_WICPixelFormat40bppCMYKAlpha
DX12Utils.obj : error LNK2001: unresolved external symbol _GUID_WICPixelFormat80bppCMYKAlpha
DX12Window.obj : error LNK2019: unresolved external symbol __imp__TranslateMessage@4 referenced in function "public: void __thiscall DX12Window::Update(void)" (?Update@DX12Window@@QAEXXZ)
DX12Window.obj : error LNK2019: unresolved external symbol __imp__DispatchMessageW@4 referenced in function "public: void __thiscall DX12Window::Update(void)" (?Update@DX12Window@@QAEXXZ)
DX12Window.obj : error LNK2019: unresolved external symbol __imp__PeekMessageW@20 referenced in function "public: void __thiscall DX12Window::Update(void)" (?Update@DX12Window@@QAEXXZ)
DX12Window.obj : error LNK2019: unresolved external symbol __imp__DefWindowProcW@16 referenced in function "private: static long __stdcall DX12Window::WndProc(struct HWND__ *,unsigned int,unsigned int,long)" (?WndProc@DX12Window@@CGJPAUHWND__@@IIJ@Z)
DX12Window.obj : error LNK2019: unresolved external symbol __imp__PostQuitMessage@4 referenced in function "private: static long __stdcall DX12Window::WndProc(struct HWND__ *,unsigned int,unsigned int,long)" (?WndProc@DX12Window@@CGJPAUHWND__@@IIJ@Z)
DX12Window.obj : error LNK2019: unresolved external symbol __imp__RegisterClassExW@4 referenced in function "public: __thiscall DX12Window::DX12Window(struct HINSTANCE__ *,wchar_t const *,wchar_t const *,unsigned int,unsigned int,struct DX12Window::Icon)" (??0DX12Window@@QAE@PAUHINSTANCE__@@PB_W1IIUIcon@0@@Z)
DX12Window.obj : error LNK2019: unresolved external symbol __imp__CreateWindowExW@48 referenced in function "public: __thiscall DX12Window::DX12Window(struct HINSTANCE__ *,wchar_t const *,wchar_t const *,unsigned int,unsigned int,struct DX12Window::Icon)" (??0DX12Window@@QAE@PAUHINSTANCE__@@PB_W1IIUIcon@0@@Z)
DX12Window.obj : error LNK2019: unresolved external symbol __imp__DestroyWindow@4 referenced in function "public: void __thiscall DX12Window::Close(void)" (?Close@DX12Window@@QAEXXZ)
DX12Window.obj : error LNK2019: unresolved external symbol __imp__ShowWindow@8 referenced in function "public: __thiscall DX12Window::DX12Window(struct HINSTANCE__ *,wchar_t const *,wchar_t const *,unsigned int,unsigned int,struct DX12Window::Icon)" (??0DX12Window@@QAE@PAUHINSTANCE__@@PB_W1IIUIcon@0@@Z)
DX12Window.obj : error LNK2019: unresolved external symbol __imp__UpdateWindow@4 referenced in function "public: __thiscall DX12Window::DX12Window(struct HINSTANCE__ *,wchar_t const *,wchar_t const *,unsigned int,unsigned int,struct DX12Window::Icon)" (??0DX12Window@@QAE@PAUHINSTANCE__@@PB_W1IIUIcon@0@@Z)
DX12Window.obj : error LNK2019: unresolved external symbol __imp__MessageBoxW@16 referenced in function "public: __thiscall DX12Window::DX12Window(struct HINSTANCE__ *,wchar_t const *,wchar_t const *,unsigned int,unsigned int,struct DX12Window::Icon)" (??0DX12Window@@QAE@PAUHINSTANCE__@@PB_W1IIUIcon@0@@Z)
DX12Window.obj : error LNK2019: unresolved external symbol __imp__GetCursorPos@4 referenced in function "public: __thiscall DX12Window::DX12Window(struct HINSTANCE__ *,wchar_t const *,wchar_t const *,unsigned int,unsigned int,struct DX12Window::Icon)" (??0DX12Window@@QAE@PAUHINSTANCE__@@PB_W1IIUIcon@0@@Z)
DX12Window.obj : error LNK2019: unresolved external symbol __imp__GetWindowLongW@8 referenced in function "private: static long __stdcall DX12Window::WndProc(struct HWND__ *,unsigned int,unsigned int,long)" (?WndProc@DX12Window@@CGJPAUHWND__@@IIJ@Z)
DX12Window.obj : error LNK2019: unresolved external symbol __imp__SetWindowLongW@12 referenced in function "public: __thiscall DX12Window::DX12Window(struct HINSTANCE__ *,wchar_t const *,wchar_t const *,unsigned int,unsigned int,struct DX12Window::Icon)" (??0DX12Window@@QAE@PAUHINSTANCE__@@PB_W1IIUIcon@0@@Z)
DX12Window.obj : error LNK2019: unresolved external symbol __imp__LoadCursorW@8 referenced in function "public: __thiscall DX12Window::DX12Window(struct HINSTANCE__ *,wchar_t const *,wchar_t const *,unsigned int,unsigned int,struct DX12Window::Icon)" (??0DX12Window@@QAE@PAUHINSTANCE__@@PB_W1IIUIcon@0@@Z)
DX12Window.obj : error LNK2019: unresolved external symbol __imp__LoadIconW@8 referenced in function "public: __thiscall DX12Window::DX12Window(struct HINSTANCE__ *,wchar_t const *,wchar_t const *,unsigned int,unsigned int,struct DX12Window::Icon)" (??0DX12Window@@QAE@PAUHINSTANCE__@@PB_W1IIUIcon@0@@Z)
Clock.obj : error LNK2019: unresolved external symbol __imp__QueryPerformanceCounter@4 referenced in function "public: static struct Time __cdecl Clock::GetSystemTime(void)" (?GetSystemTime@Clock@@SA?AUTime@@XZ)
MSVCRTD.lib(gs_support.obj) : error LNK2001: unresolved external symbol __imp__QueryPerformanceCounter@4
Clock.obj : error LNK2019: unresolved external symbol __imp__QueryPerformanceFrequency@4 referenced in function "public: static struct Time __cdecl Clock::GetSystemTime(void)" (?GetSystemTime@Clock@@SA?AUTime@@XZ)
MSVCRTD.lib(_error_.obj) : error LNK2019: unresolved external symbol __imp__IsDebuggerPresent@0 referenced in function "void __cdecl failwithmessage(void *,int,int,char const *)" (?failwithmessage@@YAXPAXHHPBD@Z)
MSVCRTD.lib(utility_desktop.obj) : error LNK2001: unresolved external symbol __imp__IsDebuggerPresent@0
MSVCRTD.lib(_error_.obj) : error LNK2019: unresolved external symbol __imp__RaiseException@16 referenced in function "int __cdecl DebuggerProbe(unsigned long)" (?DebuggerProbe@@YAHK@Z)
MSVCRTD.lib(_error_.obj) : error LNK2019: unresolved external symbol __imp__MultiByteToWideChar@24 referenced in function "void __cdecl failwithmessage(void *,int,int,char const *)" (?failwithmessage@@YAXPAXHHPBD@Z)
MSVCRTD.lib(_error_.obj) : error LNK2019: unresolved external symbol __imp__WideCharToMultiByte@32 referenced in function "void __cdecl failwithmessage(void *,int,int,char const *)" (?failwithmessage@@YAXPAXHHPBD@Z)
MSVCRTD.lib(gs_report.obj) : error LNK2019: unresolved external symbol __imp__UnhandledExceptionFilter@4 referenced in function ___raise_securityfailure
MSVCRTD.lib(utility_desktop.obj) : error LNK2001: unresolved external symbol __imp__UnhandledExceptionFilter@4
MSVCRTD.lib(gs_report.obj) : error LNK2019: unresolved external symbol __imp__SetUnhandledExceptionFilter@4 referenced in function ___raise_securityfailure
MSVCRTD.lib(utility_desktop.obj) : error LNK2001: unresolved external symbol __imp__SetUnhandledExceptionFilter@4
MSVCRTD.lib(gs_report.obj) : error LNK2019: unresolved external symbol __imp__GetCurrentProcess@0 referenced in function ___raise_securityfailure
MSVCRTD.lib(gs_report.obj) : error LNK2019: unresolved external symbol __imp__TerminateProcess@8 referenced in function ___raise_securityfailure
MSVCRTD.lib(gs_report.obj) : error LNK2019: unresolved external symbol _IsProcessorFeaturePresent@4 referenced in function ___report_gsfailure
MSVCRTD.lib(utility_desktop.obj) : error LNK2001: unresolved external symbol _IsProcessorFeaturePresent@4
MSVCRTD.lib(_cpu_disp_.obj) : error LNK2001: unresolved external symbol _IsProcessorFeaturePresent@4
MSVCRTD.lib(gs_support.obj) : error LNK2019: unresolved external symbol __imp__GetCurrentProcessId@0 referenced in function ___security_init_cookie
MSVCRTD.lib(gs_support.obj) : error LNK2019: unresolved external symbol __imp__GetCurrentThreadId@0 referenced in function ___security_init_cookie
MSVCRTD.lib(gs_support.obj) : error LNK2019: unresolved external symbol __imp__GetSystemTimeAsFileTime@4 referenced in function ___security_init_cookie
MSVCRTD.lib(tncleanup.obj) : error LNK2019: unresolved external symbol __imp__InitializeSListHead@4 referenced in function "void __cdecl __scrt_initialize_type_info(void)" (?__scrt_initialize_type_info@@YAXXZ)
MSVCRTD.lib(utility_desktop.obj) : error LNK2019: unresolved external symbol __imp__GetStartupInfoW@4 referenced in function ___scrt_get_show_window_mode
MSVCRTD.lib(utility_desktop.obj) : error LNK2019: unresolved external symbol __imp__GetModuleHandleW@4 referenced in function ___scrt_is_managed_app
MSVCRTD.lib(_pdblkup_.obj) : error LNK2019: unresolved external symbol __imp__GetLastError@0 referenced in function "struct HINSTANCE__ * __cdecl GetPdbDll(void)" (?GetPdbDll@@YAPAUHINSTANCE__@@XZ)
MSVCRTD.lib(_pdblkup_.obj) : error LNK2019: unresolved external symbol __imp__VirtualQuery@12 referenced in function "int __cdecl _RTC_GetSrcLine(unsigned char *,wchar_t *,unsigned long,int *,wchar_t *,unsigned long)" (?_RTC_GetSrcLine@@YAHPAEPA_WKPAH1K@Z)
MSVCRTD.lib(_pdblkup_.obj) : error LNK2019: unresolved external symbol __imp__FreeLibrary@4 referenced in function "struct HINSTANCE__ * __cdecl GetPdbDllFromInstallPath(void)" (?GetPdbDllFromInstallPath@@YAPAUHINSTANCE__@@XZ)
MSVCRTD.lib(_pdblkup_.obj) : error LNK2019: unresolved external symbol __imp__GetProcAddress@8 referenced in function "struct HINSTANCE__ * __cdecl GetPdbDllFromInstallPath(void)" (?GetPdbDllFromInstallPath@@YAPAUHINSTANCE__@@XZ)
C:\Program Files (x86)\Windows Kits\10\Lib\10.0.10240.0\um\x64\d3d12.lib : warning LNK4272: library machine type 'x64' conflicts with target machine type 'X86'
C:\Program Files (x86)\Windows Kits\10\Lib\10.0.10240.0\um\x64\dxgi.lib : warning LNK4272: library machine type 'x64' conflicts with target machine type 'X86'
C:\Program Files (x86)\Windows Kits\10\Lib\10.0.10240.0\um\x64\d3dcompiler.lib : warning LNK4272: library machine type 'x64' conflicts with target machine type 'X86'
C:\Program Files (x86)\Windows Kits\10\Lib\10.0.10240.0\um\x64\kernel32.lib : warning LNK4272: library machine type 'x64' conflicts with target machine type 'X86'
C:\Program Files (x86)\Windows Kits\10\Lib\10.0.10240.0\um\x64\user32.lib : warning LNK4272: library machine type 'x64' conflicts with target machine type 'X86'
C:\Program Files (x86)\Windows Kits\10\Lib\10.0.10240.0\um\x64\gdi32.lib : warning LNK4272: library machine type 'x64' conflicts with target machine type 'X86'
C:\Program Files (x86)\Windows Kits\10\Lib\10.0.10240.0\um\x64\winspool.lib : warning LNK4272: library machine type 'x64' conflicts with target machine type 'X86'
C:\Program Files (x86)\Windows Kits\10\Lib\10.0.10240.0\um\x64\comdlg32.lib : warning LNK4272: library machine type 'x64' conflicts with target machine type 'X86'
C:\Program Files (x86)\Windows Kits\10\Lib\10.0.10240.0\um\x64\advapi32.lib : warning LNK4272: library machine type 'x64' conflicts with target machine type 'X86'
C:\Program Files (x86)\Windows Kits\10\Lib\10.0.10240.0\um\x64\shell32.lib : warning LNK4272: library machine type 'x64' conflicts with target machine type 'X86'
C:\Program Files (x86)\Windows Kits\10\Lib\10.0.10240.0\um\x64\ole32.lib : warning LNK4272: library machine type 'x64' conflicts with target machine type 'X86'
C:\Program Files (x86)\Windows Kits\10\Lib\10.0.10240.0\um\x64\oleaut32.lib : warning LNK4272: library machine type 'x64' conflicts with target machine type 'X86'
C:\Program Files (x86)\Windows Kits\10\Lib\10.0.10240.0\um\x64\uuid.lib : warning LNK4272: library machine type 'x64' conflicts with target machine type 'X86'
C:\Program Files (x86)\Windows Kits\10\Lib\10.0.10240.0\um\x64\odbc32.lib : warning LNK4272: library machine type 'x64' conflicts with target machine type 'X86'
C:\Program Files (x86)\Windows Kits\10\Lib\10.0.10240.0\um\x64\odbccp32.lib : warning LNK4272: library machine type 'x64' conflicts with target machine type 'X86'
D:\Documents\Projects\DX12_Sampler\DX12_Engine\Debug\DX12_Engine.exe : fatal error LNK1120: 108 unresolved externals
